
please choose your bet value (1,2,5, or 10)
5
initial house cards: 10 + ??
initial agent cards: 7 + 5
Current hand value: 12 There is a 30.77% chance of going over if you hit
Would you like to Hit or Stay?
hit
You drew a 10
House total: 18
Agent total: 22
bust! you lose this round
current bank amount: $95.0
Continue Playing?
y
Would you like to keep the same bet amount?
y
initial house cards: 6 + ??
initial agent cards: 3 + 5
Current hand value: 8 There is a 0% chance of going over if you hit
Would you like to Hit or Stay?
hit
You drew a 9
Current hand value: 17 There is a 69.23% chance of going over if you hit
Would you like to Hit or Stay?
stay
House total: 26
Agent total: 17
you win!
current bank amount: $100.0
Continue Playing?
y
Would you like to keep the same bet amount?
y
initial house cards: 10 + ??
initial agent cards: 10 + 5
Current hand value: 15 There is a 53.85% chance of going over if you hit
Would you like to Hit or Stay?
hit
You drew a 2
Current hand value: 17 There is a 69.23% chance of going over if you hit
Would you like to Hit or Stay?
stay
House total: 20
Agent total: 17
you lose
current bank amount: $95.0
Continue Playing?
y
Would you like to keep the same bet amount?
n
please choose your bet value (1,2,5, or 10)
10
initial house cards: 11 + ??
initial agent cards: 2 + 3
Current hand value: 5 There is a 0% chance of going over if you hit
Would you like to Hit or Stay?
hit
You drew a 3
Current hand value: 8 There is a 0% chance of going over if you hit
Would you like to Hit or Stay?
hit
You drew a 2
Current hand value: 10 There is a 0% chance of going over if you hit
Would you like to Hit or Stay?
hit
You drew a 2
Current hand value: 12 There is a 30.77% chance of going over if you hit
Would you like to Hit or Stay?
hit
You drew a 4
Current hand value: 16 There is a 61.54% chance of going over if you hit
Would you like to Hit or Stay?
stay
House total: 18
Agent total: 16
you lose
current bank amount: $85.0
Continue Playing?
n
You have chosen not to continue playing
Ending bank value: $85.0
total games played: 4
total blackjacks: 0
total wins so far: 1
Perecentage wins: 25.0%
Perecentage wins (excluding ties): 25.0%
total rewards: -15.0
wins: 1 losses: 3 ties: 0
maximum gain during playing: $0.0
maximum winning streak: 1.0