initial house cards: 10 + ??
initial agent cards: 11 + 4
Current hand value: 15 Would you like to Hit or Stay?
You drew a 10
Current hand value: 15 Would you like to Hit or Stay?
You drew a 3
Current hand value: 18 Would you like to Hit or Stay?
You drew a 9
House total: 20
Agent total: 27
bust! You lose this round
current bank amount: $90.0
initial house cards: 8 + ??
initial agent cards: 10 + 10
Current hand value: 20 Would you like to Hit or Stay?
You drew a 10
House total: 18
Agent total: 30
bust! You lose this round
current bank amount: $80.0
initial house cards: 10 + ??
initial agent cards: 10 + 11
Blackjack! Let's see what the house has
House total: 17
Agent total: 21
Blackjack! You win!
current bank amount: $100.0
initial house cards: 8 + ??
initial agent cards: 7 + 3
Current hand value: 10 Would you like to Hit or Stay?
You drew a 4
Current hand value: 14 Would you like to Hit or Stay?
You drew a 3
Current hand value: 17 Would you like to Hit or Stay?
You drew a 7
House total: 18
Agent total: 24
bust! You lose this round
current bank amount: $90.0
initial house cards: 7 + ??
initial agent cards: 2 + 9
Current hand value: 11 Would you like to Hit or Stay?
You drew a 5
Current hand value: 16 Would you like to Hit or Stay?
You drew a 10
House total: 19
Agent total: 26
bust! You lose this round
current bank amount: $80.0
initial house cards: 3 + ??
initial agent cards: 4 + 6
Current hand value: 10 Would you like to Hit or Stay?
You drew a 9
Current hand value: 19 Would you like to Hit or Stay?
You drew a 4
House total: 25
Agent total: 23
bust! You lose this round
current bank amount: $70.0
initial house cards: 10 + ??
initial agent cards: 4 + 10
Current hand value: 14 Would you like to Hit or Stay?
You drew a 2
Current hand value: 16 Would you like to Hit or Stay?
You drew a 8
House total: 23
Agent total: 24
bust! You lose this round
current bank amount: $60.0
initial house cards: 4 + ??
initial agent cards: 10 + 10
Current hand value: 20 Would you like to Hit or Stay?
You drew a 5
House total: 17
Agent total: 25
bust! You lose this round
current bank amount: $50.0
initial house cards: 7 + ??
initial agent cards: 10 + 2
Current hand value: 12 Would you like to Hit or Stay?
You drew a 9
House total: 18
Agent total: 21
You win!
current bank amount: $60.0
initial house cards: 9 + ??
initial agent cards: 9 + 8
Current hand value: 17 Would you like to Hit or Stay?
You drew a 7
House total: 19
Agent total: 24
bust! You lose this round
current bank amount: $50.0
initial house cards: 5 + ??
initial agent cards: 3 + 9
Current hand value: 12 Would you like to Hit or Stay?
You drew a 11
Current hand value: 13 Would you like to Hit or Stay?
You drew a 11
Current hand value: 14 Would you like to Hit or Stay?
You drew a 8
House total: 18
Agent total: 22
bust! You lose this round
current bank amount: $40.0
initial house cards: 3 + ??
initial agent cards: 5 + 10
Current hand value: 15 Would you like to Hit or Stay?
You drew a 10
House total: 19
Agent total: 25
bust! You lose this round
current bank amount: $30.0
initial house cards: 7 + ??
initial agent cards: 2 + 4
Current hand value: 6 Would you like to Hit or Stay?
You drew a 10
Current hand value: 16 Would you like to Hit or Stay?
You drew a 9
House total: 22
Agent total: 25
bust! You lose this round
current bank amount: $20.0
initial house cards: 6 + ??
initial agent cards: 6 + 5
Current hand value: 11 Would you like to Hit or Stay?
You drew a 8
Current hand value: 19 Would you like to Hit or Stay?
You drew a 9
House total: 25
Agent total: 28
bust! You lose this round
current bank amount: $10.0
initial house cards: 10 + ??
initial agent cards: 10 + 10
Current hand value: 20 Would you like to Hit or Stay?
You drew a 10
House total: 17
Agent total: 30
bust! You lose this round
current bank amount: $0.0
Game Over, no money left in the bank
total games played: 15
Perecentage wins: 13.333333333333334%
total rewards: -5
wins: 2 losses: 13 ties: 0
